
Showing logs for build [32mcb-kubecd-environment-pr-193-14-qk6gd-1[0m stage [32mfrom-build-pack[0m and container [32mstep-credential-initializer-mgw54[0m
{"level":"warn","ts":1586096951.4911032,"logger":"fallback-logger","caller":"logging/config.go:69","msg":"Fetch GitHub commit ID from kodata failed: \"ref: refs/heads/0.8.0-**-support-backwards-incompats\" is not a valid GitHub commit ID"}
{"level":"info","ts":1586096951.491537,"logger":"fallback-logger","caller":"creds-init/main.go:40","msg":"Credentials initialized."}

Showing logs for build [32mcb-kubecd-environment-pr-193-14-qk6gd-1[0m stage [32mfrom-build-pack[0m and container [32mstep-working-dir-initializer-xdbrp[0m
{"level":"warn","ts":1586096952.2859197,"logger":"fallback-logger","caller":"logging/config.go:69","msg":"Fetch GitHub commit ID from kodata failed: open /var/run/ko/HEAD: no such file or directory"}
{"level":"info","ts":1586096952.2876816,"logger":"fallback-logger","caller":"bash/main.go:64","msg":"Successfully executed command \"sh -c mkdir -p /workspace/source\"; output "}

Showing logs for build [32mcb-kubecd-environment-pr-193-14-qk6gd-1[0m stage [32mfrom-build-pack[0m and container [32mstep-place-tools[0m

Showing logs for build [32mcb-kubecd-environment-pr-193-14-qk6gd-1[0m stage [32mfrom-build-pack[0m and container [32mstep-git-source-cb-kubecd-environment-pr-193-14-qk6gd-vqhvn[0m
{"level":"warn","ts":1586096956.320422,"logger":"fallback-logger","caller":"logging/config.go:69","msg":"Fetch GitHub commit ID from kodata failed: \"ref: refs/heads/0.8.0-**-support-backwards-incompats\" is not a valid GitHub commit ID"}
{"level":"info","ts":1586096957.357143,"logger":"fallback-logger","caller":"git/git.go:103","msg":"Successfully cloned https://github.com/cb-kubecd/environment-pr-193-145-boot-gke-staging.git @ master in path /workspace/source"}

Showing logs for build [32mcb-kubecd-environment-pr-193-14-qk6gd-1[0m stage [32mfrom-build-pack[0m and container [32mstep-git-merge[0m
Using SHAs from PULL_REFS=master:80e9e91b57fa82393133a73464ab6f83663047de,1:8c0043f66c06a57194e99872d4becc7ef2e3be43
DEBUG: LC_ALL=C JX_LOG_LEVEL=error git fetch origin --unshallow 8c0043f66c06a57194e99872d4becc7ef2e3be43: 80e9e91b57fa82393133a73464ab6f83663047de:
DEBUG: ran git fetch --unshallow origin 8c0043f66c06a57194e99872d4becc7ef2e3be43: 80e9e91b57fa82393133a73464ab6f83663047de: in 
DEBUG: LC_ALL=C JX_LOG_LEVEL=error git branch
DEBUG: LC_ALL=C JX_LOG_LEVEL=error git checkout master
DEBUG: ran git checkout master in 
DEBUG: LC_ALL=C JX_LOG_LEVEL=error git reset --hard 80e9e91b57fa82393133a73464ab6f83663047de
DEBUG: ran git reset --hard 80e9e91b57fa82393133a73464ab6f83663047de in 
DEBUG: JX_LOG_LEVEL=error LC_ALL=C git clean -fd .
DEBUG: ran clean --force -d . in 
DEBUG: LC_ALL=C JX_LOG_LEVEL=error git merge 8c0043f66c06a57194e99872d4becc7ef2e3be43
DEBUG: ran git merge 8c0043f66c06a57194e99872d4becc7ef2e3be43 in 
DEBUG: LC_ALL=C JX_LOG_LEVEL=error git log --format=%H%x1f%an%x1f%ae%x1f%cn%x1f%ce%x1f%s%n%b%x1e 80e9e91b57fa82393133a73464ab6f83663047de..HEAD
Merged SHA 8c0043f66c06a57194e99872d4becc7ef2e3be43 with commit message 'chore: Promote bdd-spring-1586096659 to version 0.0.1' into base branch master

Showing logs for build [32mcb-kubecd-environment-pr-193-14-qk6gd-1[0m stage [32mfrom-build-pack[0m and container [32mstep-build-helm-build[0m
WARNING: No $CHART_REPOSITORY defined so using the default value of: http://jenkins-x-chartmuseum:8080
Adding missing Helm repo: storage.googleapis.com https://storage.googleapis.com/chartmuseum.jenkins-x.io
WARNING: No secrets found on "helm/repos" due: reading the secret "helm/repos" from vault: no secret "helm/repos" not found in vault
Read credentials for https://storage.googleapis.com/chartmuseum.jenkins-x.io from vault helm/repos
Successfully added Helm repository storage.googleapis.com.
Adding missing Helm repo: jenkins-x-chartmuseum http://jenkins-x-chartmuseum:8080
WARNING: No secrets found on "helm/repos" due: reading the secret "helm/repos" from vault: no secret "helm/repos" not found in vault
Read credentials for http://jenkins-x-chartmuseum:8080 from vault helm/repos
Successfully added Helm repository jenkins-x-chartmuseum.
WARNING: No $CHART_REPOSITORY defined so using the default value of: http://jenkins-x-chartmuseum:8080
Adding missing Helm repo: chartmuseum.jenkins-x.io http://chartmuseum.jenkins-x.io
WARNING: No secrets found on "helm/repos" due: reading the secret "helm/repos" from vault: no secret "helm/repos" not found in vault
Read credentials for http://chartmuseum.jenkins-x.io from vault helm/repos
Successfully added Helm repository chartmuseum.jenkins-x.io.
