
Showing logs for build [32mcb-kubecd-environment-pr-193-14-r8wg8-1[0m stage [32mfrom-build-pack[0m and container [32mstep-credential-initializer-9m77k[0m
{"level":"warn","ts":1586100663.2654984,"logger":"fallback-logger","caller":"logging/config.go:69","msg":"Fetch GitHub commit ID from kodata failed: \"ref: refs/heads/0.8.0-**-support-backwards-incompats\" is not a valid GitHub commit ID"}
{"level":"info","ts":1586100663.2664878,"logger":"fallback-logger","caller":"creds-init/main.go:40","msg":"Credentials initialized."}

Showing logs for build [32mcb-kubecd-environment-pr-193-14-r8wg8-1[0m stage [32mfrom-build-pack[0m and container [32mstep-working-dir-initializer-9z2vg[0m
{"level":"warn","ts":1586100663.9357703,"logger":"fallback-logger","caller":"logging/config.go:69","msg":"Fetch GitHub commit ID from kodata failed: open /var/run/ko/HEAD: no such file or directory"}
{"level":"info","ts":1586100663.938034,"logger":"fallback-logger","caller":"bash/main.go:64","msg":"Successfully executed command \"sh -c mkdir -p /workspace/source\"; output "}

Showing logs for build [32mcb-kubecd-environment-pr-193-14-r8wg8-1[0m stage [32mfrom-build-pack[0m and container [32mstep-place-tools[0m

Showing logs for build [32mcb-kubecd-environment-pr-193-14-r8wg8-1[0m stage [32mfrom-build-pack[0m and container [32mstep-git-source-cb-kubecd-environment-pr-193-14-r8wg8-whbsz[0m
{"level":"warn","ts":1586100668.0547466,"logger":"fallback-logger","caller":"logging/config.go:69","msg":"Fetch GitHub commit ID from kodata failed: \"ref: refs/heads/0.8.0-**-support-backwards-incompats\" is not a valid GitHub commit ID"}
{"level":"info","ts":1586100669.0919936,"logger":"fallback-logger","caller":"git/git.go:103","msg":"Successfully cloned https://github.com/cb-kubecd/environment-pr-193-145-boot-gke-staging.git @ master in path /workspace/source"}

Showing logs for build [32mcb-kubecd-environment-pr-193-14-r8wg8-1[0m stage [32mfrom-build-pack[0m and container [32mstep-git-merge[0m
Using SHAs from PULL_REFS=master:0b4f74e7cd5e36515f2ffc540c76b21b8e498873,6:c168f8fa4817cdc09fdc64c0a202e159f298fbd5
DEBUG: LC_ALL=C JX_LOG_LEVEL=error git fetch origin --unshallow c168f8fa4817cdc09fdc64c0a202e159f298fbd5: 0b4f74e7cd5e36515f2ffc540c76b21b8e498873:
DEBUG: ran git fetch --unshallow origin c168f8fa4817cdc09fdc64c0a202e159f298fbd5: 0b4f74e7cd5e36515f2ffc540c76b21b8e498873: in 
DEBUG: LC_ALL=C JX_LOG_LEVEL=error git branch
DEBUG: LC_ALL=C JX_LOG_LEVEL=error git checkout master
DEBUG: ran git checkout master in 
DEBUG: LC_ALL=C JX_LOG_LEVEL=error git reset --hard 0b4f74e7cd5e36515f2ffc540c76b21b8e498873
DEBUG: ran git reset --hard 0b4f74e7cd5e36515f2ffc540c76b21b8e498873 in 
DEBUG: LC_ALL=C JX_LOG_LEVEL=error git clean -fd .
DEBUG: ran clean --force -d . in 
DEBUG: LC_ALL=C JX_LOG_LEVEL=error git merge c168f8fa4817cdc09fdc64c0a202e159f298fbd5
DEBUG: ran git merge c168f8fa4817cdc09fdc64c0a202e159f298fbd5 in 
DEBUG: JX_LOG_LEVEL=error LC_ALL=C git log --format=%H%x1f%an%x1f%ae%x1f%cn%x1f%ce%x1f%s%n%b%x1e 0b4f74e7cd5e36515f2ffc540c76b21b8e498873..HEAD
Merged SHA c168f8fa4817cdc09fdc64c0a202e159f298fbd5 with commit message 'chore: Promote bdd-nh-import-1586100028 to version 0.0.1' into base branch master

Showing logs for build [32mcb-kubecd-environment-pr-193-14-r8wg8-1[0m stage [32mfrom-build-pack[0m and container [32mstep-build-helm-build[0m
WARNING: No $CHART_REPOSITORY defined so using the default value of: http://jenkins-x-chartmuseum:8080
Adding missing Helm repo: storage.googleapis.com https://storage.googleapis.com/chartmuseum.jenkins-x.io
WARNING: No secrets found on "helm/repos" due: reading the secret "helm/repos" from vault: no secret "helm/repos" not found in vault
Read credentials for https://storage.googleapis.com/chartmuseum.jenkins-x.io from vault helm/repos
Successfully added Helm repository storage.googleapis.com.
Adding missing Helm repo: jenkins-x-chartmuseum http://jenkins-x-chartmuseum:8080
WARNING: No secrets found on "helm/repos" due: reading the secret "helm/repos" from vault: no secret "helm/repos" not found in vault
Read credentials for http://jenkins-x-chartmuseum:8080 from vault helm/repos
Successfully added Helm repository jenkins-x-chartmuseum.
WARNING: No $CHART_REPOSITORY defined so using the default value of: http://jenkins-x-chartmuseum:8080
Adding missing Helm repo: chartmuseum.jenkins-x.io http://chartmuseum.jenkins-x.io
WARNING: No secrets found on "helm/repos" due: reading the secret "helm/repos" from vault: no secret "helm/repos" not found in vault
Read credentials for http://chartmuseum.jenkins-x.io from vault helm/repos
Successfully added Helm repository chartmuseum.jenkins-x.io.
