
Showing logs for build [32mcb-kubecd-environment-pr-193-14-frprx-1[0m stage [32mfrom-build-pack[0m and container [32mstep-credential-initializer-9mnl2[0m
{"level":"warn","ts":1586100212.5162446,"logger":"fallback-logger","caller":"logging/config.go:69","msg":"Fetch GitHub commit ID from kodata failed: \"ref: refs/heads/0.8.0-**-support-backwards-incompats\" is not a valid GitHub commit ID"}
{"level":"info","ts":1586100212.517651,"logger":"fallback-logger","caller":"creds-init/main.go:40","msg":"Credentials initialized."}

Showing logs for build [32mcb-kubecd-environment-pr-193-14-frprx-1[0m stage [32mfrom-build-pack[0m and container [32mstep-working-dir-initializer-k4g5b[0m
{"level":"warn","ts":1586100213.0523417,"logger":"fallback-logger","caller":"logging/config.go:69","msg":"Fetch GitHub commit ID from kodata failed: open /var/run/ko/HEAD: no such file or directory"}
{"level":"info","ts":1586100213.0538754,"logger":"fallback-logger","caller":"bash/main.go:64","msg":"Successfully executed command \"sh -c mkdir -p /workspace/source\"; output "}

Showing logs for build [32mcb-kubecd-environment-pr-193-14-frprx-1[0m stage [32mfrom-build-pack[0m and container [32mstep-place-tools[0m

Showing logs for build [32mcb-kubecd-environment-pr-193-14-frprx-1[0m stage [32mfrom-build-pack[0m and container [32mstep-git-source-cb-kubecd-environment-pr-193-14-frprx-tmqsl[0m
{"level":"warn","ts":1586100218.2057025,"logger":"fallback-logger","caller":"logging/config.go:69","msg":"Fetch GitHub commit ID from kodata failed: \"ref: refs/heads/0.8.0-**-support-backwards-incompats\" is not a valid GitHub commit ID"}
{"level":"info","ts":1586100219.2581122,"logger":"fallback-logger","caller":"git/git.go:103","msg":"Successfully cloned https://github.com/cb-kubecd/environment-pr-193-145-boot-gke-staging.git @ master in path /workspace/source"}

Showing logs for build [32mcb-kubecd-environment-pr-193-14-frprx-1[0m stage [32mfrom-build-pack[0m and container [32mstep-git-merge[0m
Using SHAs from PULL_REFS=master:fec4ffe9cf027058c0f2a553f4b247576b35412e,5:d3bf86cbf94bfcec7d2d45c0d519a29cf890d690
DEBUG: JX_LOG_LEVEL=error LC_ALL=C git fetch origin --unshallow d3bf86cbf94bfcec7d2d45c0d519a29cf890d690: fec4ffe9cf027058c0f2a553f4b247576b35412e:
DEBUG: ran git fetch --unshallow origin d3bf86cbf94bfcec7d2d45c0d519a29cf890d690: fec4ffe9cf027058c0f2a553f4b247576b35412e: in 
DEBUG: LC_ALL=C JX_LOG_LEVEL=error git branch
DEBUG: JX_LOG_LEVEL=error LC_ALL=C git checkout master
DEBUG: ran git checkout master in 
DEBUG: JX_LOG_LEVEL=error LC_ALL=C git reset --hard fec4ffe9cf027058c0f2a553f4b247576b35412e
DEBUG: ran git reset --hard fec4ffe9cf027058c0f2a553f4b247576b35412e in 
DEBUG: LC_ALL=C JX_LOG_LEVEL=error git clean -fd .
DEBUG: ran clean --force -d . in 
DEBUG: LC_ALL=C JX_LOG_LEVEL=error git merge d3bf86cbf94bfcec7d2d45c0d519a29cf890d690
DEBUG: ran git merge d3bf86cbf94bfcec7d2d45c0d519a29cf890d690 in 
DEBUG: LC_ALL=C JX_LOG_LEVEL=error git log --format=%H%x1f%an%x1f%ae%x1f%cn%x1f%ce%x1f%s%n%b%x1e fec4ffe9cf027058c0f2a553f4b247576b35412e..HEAD
Merged SHA d3bf86cbf94bfcec7d2d45c0d519a29cf890d690 with commit message 'chore: Promote bdd-ghf**y-import-1586100028 to version 0.0.1' into base branch master

Showing logs for build [32mcb-kubecd-environment-pr-193-14-frprx-1[0m stage [32mfrom-build-pack[0m and container [32mstep-build-helm-build[0m
WARNING: No $CHART_REPOSITORY defined so using the default value of: http://jenkins-x-chartmuseum:8080
Adding missing Helm repo: storage.googleapis.com https://storage.googleapis.com/chartmuseum.jenkins-x.io
WARNING: No secrets found on "helm/repos" due: reading the secret "helm/repos" from vault: no secret "helm/repos" not found in vault
Read credentials for https://storage.googleapis.com/chartmuseum.jenkins-x.io from vault helm/repos
Successfully added Helm repository storage.googleapis.com.
Adding missing Helm repo: jenkins-x-chartmuseum http://jenkins-x-chartmuseum:8080
WARNING: No secrets found on "helm/repos" due: reading the secret "helm/repos" from vault: no secret "helm/repos" not found in vault
Read credentials for http://jenkins-x-chartmuseum:8080 from vault helm/repos
Successfully added Helm repository jenkins-x-chartmuseum.
WARNING: No $CHART_REPOSITORY defined so using the default value of: http://jenkins-x-chartmuseum:8080
Adding missing Helm repo: chartmuseum.jenkins-x.io http://chartmuseum.jenkins-x.io
WARNING: No secrets found on "helm/repos" due: reading the secret "helm/repos" from vault: no secret "helm/repos" not found in vault
Read credentials for http://chartmuseum.jenkins-x.io from vault helm/repos
Successfully added Helm repository chartmuseum.jenkins-x.io.
